2026-01-25 14:53:59,254 [Worker-6: Loading available Gradle versions] INFO  o.e.b.c.i.u.g.PublishedGradleVersions - Gradle version information cache is not available. Remote download required.
2026-01-26 15:35:33,263 [Worker-6: Loading available Gradle versions] INFO  o.e.b.c.i.u.g.PublishedGradleVersions - Gradle version information cache is out-of-date. Trying to update.
2026-01-26 15:37:48,770 [Worker-6: Launching mavenrun-62e8894a-4e8a-4238-a563-9951bb34e0bb] INFO  o.eclipse.m2e.core.internal.Bundles - getClasspathEntries(Bundle=org.eclipse.m2e.maven.runtime_3.9.1100.20250811-2018 [1644])
2026-01-26 15:37:48,772 [Worker-6: Launching mavenrun-62e8894a-4e8a-4238-a563-9951bb34e0bb] INFO  o.eclipse.m2e.core.internal.Bundles - 	Entry: /Users/anujgahra/.p2/pool/plugins/org.eclipse.m2e.maven.runtime_3.9.1100.20250811-2018
2026-01-26 15:37:48,772 [Worker-6: Launching mavenrun-62e8894a-4e8a-4238-a563-9951bb34e0bb] INFO  o.eclipse.m2e.core.internal.Bundles - 	Entry: /Users/anujgahra/.p2/pool/plugins/org.eclipse.m2e.maven.runtime_3.9.1100.20250811-2018/jars/aopalliance-1.0.jar
2026-01-26 15:37:48,772 [Worker-6: Launching mavenrun-62e8894a-4e8a-4238-a563-9951bb34e0bb] INFO  o.eclipse.m2e.core.internal.Bundles - 	Entry: /Users/anujgahra/.p2/pool/plugins/org.eclipse.m2e.maven.runtime_3.9.1100.20250811-2018/jars/asm-9.8.jar
2026-01-26 15:37:48,772 [Worker-6: Launching mavenrun-62e8894a-4e8a-4238-a563-9951bb34e0bb] INFO  o.eclipse.m2e.core.internal.Bundles - 	Entry: /Users/anujgahra/.p2/pool/plugins/org.eclipse.m2e.maven.runtime_3.9.1100.20250811-2018/jars/error_prone_annotations-2.38.0.jar
2026-01-26 15:37:48,772 [Worker-6: Launching mavenrun-62e8894a-4e8a-4238-a563-9951bb34e0bb] INFO  o.eclipse.m2e.core.internal.Bundles - 	Entry: /Users/anujgahra/.p2/pool/plugins/org.eclipse.m2e.maven.runtime_3.9.1100.20250811-2018/jars/gson-2.13.1.jar
2026-01-26 15:37:48,772 [Worker-6: Launching mavenrun-62e8894a-4e8a-4238-a563-9951bb34e0bb] INFO  o.eclipse.m2e.core.internal.Bundles - 	Entry: /Users/anujgahra/.p2/pool/plugins/org.eclipse.m2e.maven.runtime_3.9.1100.20250811-2018/jars/guice-5.1.0-classes.jar
2026-01-26 15:37:48,772 [Worker-6: Launching mavenrun-62e8894a-4e8a-4238-a563-9951bb34e0bb] INFO  o.eclipse.m2e.core.internal.Bundles - 	Entry: /Users/anujgahra/.p2/pool/plugins/org.eclipse.m2e.maven.runtime_3.9.1100.20250811-2018/jars/httpclient-4.5.14.jar
2026-01-26 15:37:48,772 [Worker-6: Launching mavenrun-62e8894a-4e8a-4238-a563-9951bb34e0bb] INFO  o.eclipse.m2e.core.internal.Bundles - 	Entry: /Users/anujgahra/.p2/pool/plugins/org.eclipse.m2e.maven.runtime_3.9.1100.20250811-2018/jars/httpcore-4.4.16.jar
2026-01-26 15:37:48,772 [Worker-6: Launching mavenrun-62e8894a-4e8a-4238-a563-9951bb34e0bb] INFO  o.eclipse.m2e.core.internal.Bundles - 	Entry: /Users/anujgahra/.p2/pool/plugins/org.eclipse.m2e.maven.runtime_3.9.1100.20250811-2018/jars/jansi-2.4.2.jar
2026-01-26 15:37:48,772 [Worker-6: Launching mavenrun-62e8894a-4e8a-4238-a563-9951bb34e0bb] INFO  o.eclipse.m2e.core.internal.Bundles - 	Entry: /Users/anujgahra/.p2/pool/plugins/org.eclipse.m2e.maven.runtime_3.9.1100.20250811-2018/jars/jcl-over-slf4j-1.7.36.jar
2026-01-26 15:37:48,772 [Worker-6: Launching mavenrun-62e8894a-4e8a-4238-a563-9951bb34e0bb] INFO  o.eclipse.m2e.core.internal.Bundles - 	Entry: /Users/anujgahra/.p2/pool/plugins/org.eclipse.m2e.maven.runtime_3.9.1100.20250811-2018/jars/maven-artifact-3.9.11.jar
2026-01-26 15:37:48,772 [Worker-6: Launching mavenrun-62e8894a-4e8a-4238-a563-9951bb34e0bb] INFO  o.eclipse.m2e.core.internal.Bundles - 	Entry: /Users/anujgahra/.p2/pool/plugins/org.eclipse.m2e.maven.runtime_3.9.1100.20250811-2018/jars/maven-builder-support-3.9.11.jar
2026-01-26 15:37:48,772 [Worker-6: Launching mavenrun-62e8894a-4e8a-4238-a563-9951bb34e0bb] INFO  o.eclipse.m2e.core.internal.Bundles - 	Entry: /Users/anujgahra/.p2/pool/plugins/org.eclipse.m2e.maven.runtime_3.9.1100.20250811-2018/jars/maven-compat-3.9.11.jar
2026-01-26 15:37:48,772 [Worker-6: Launching mavenrun-62e8894a-4e8a-4238-a563-9951bb34e0bb] INFO  o.eclipse.m2e.core.internal.Bundles - 	Entry: /Users/anujgahra/.p2/pool/plugins/org.eclipse.m2e.maven.runtime_3.9.1100.20250811-2018/jars/maven-core-3.9.11.jar
2026-01-26 15:37:48,773 [Worker-6: Launching mavenrun-62e8894a-4e8a-4238-a563-9951bb34e0bb] INFO  o.eclipse.m2e.core.internal.Bundles - 	Entry: /Users/anujgahra/.p2/pool/plugins/org.eclipse.m2e.maven.runtime_3.9.1100.20250811-2018/jars/maven-embedder-3.9.11.jar
2026-01-26 15:37:48,773 [Worker-6: Launching mavenrun-62e8894a-4e8a-4238-a563-9951bb34e0bb] INFO  o.eclipse.m2e.core.internal.Bundles - 	Entry: /Users/anujgahra/.p2/pool/plugins/org.eclipse.m2e.maven.runtime_3.9.1100.20250811-2018/jars/maven-model-3.9.11.jar
2026-01-26 15:37:48,773 [Worker-6: Launching mavenrun-62e8894a-4e8a-4238-a563-9951bb34e0bb] INFO  o.eclipse.m2e.core.internal.Bundles - 	Entry: /Users/anujgahra/.p2/pool/plugins/org.eclipse.m2e.maven.runtime_3.9.1100.20250811-2018/jars/maven-model-builder-3.9.11.jar
2026-01-26 15:37:48,773 [Worker-6: Launching mavenrun-62e8894a-4e8a-4238-a563-9951bb34e0bb] INFO  o.eclipse.m2e.core.internal.Bundles - 	Entry: /Users/anujgahra/.p2/pool/plugins/org.eclipse.m2e.maven.runtime_3.9.1100.20250811-2018/jars/maven-plugin-api-3.9.11.jar
2026-01-26 15:37:48,773 [Worker-6: Launching mavenrun-62e8894a-4e8a-4238-a563-9951bb34e0bb] INFO  o.eclipse.m2e.core.internal.Bundles - 	Entry: /Users/anujgahra/.p2/pool/plugins/org.eclipse.m2e.maven.runtime_3.9.1100.20250811-2018/jars/maven-repository-metadata-3.9.11.jar
2026-01-26 15:37:48,773 [Worker-6: Launching mavenrun-62e8894a-4e8a-4238-a563-9951bb34e0bb] INFO  o.eclipse.m2e.core.internal.Bundles - 	Entry: /Users/anujgahra/.p2/pool/plugins/org.eclipse.m2e.maven.runtime_3.9.1100.20250811-2018/jars/maven-resolver-api-1.9.24.jar
2026-01-26 15:37:48,773 [Worker-6: Launching mavenrun-62e8894a-4e8a-4238-a563-9951bb34e0bb] INFO  o.eclipse.m2e.core.internal.Bundles - 	Entry: /Users/anujgahra/.p2/pool/plugins/org.eclipse.m2e.maven.runtime_3.9.1100.20250811-2018/jars/maven-resolver-connector-basic-1.9.24.jar
2026-01-26 15:37:48,773 [Worker-6: Launching mavenrun-62e8894a-4e8a-4238-a563-9951bb34e0bb] INFO  o.eclipse.m2e.core.internal.Bundles - 	Entry: /Users/anujgahra/.p2/pool/plugins/org.eclipse.m2e.maven.runtime_3.9.1100.20250811-2018/jars/maven-resolver-impl-1.9.24.jar
2026-01-26 15:37:48,773 [Worker-6: Launching mavenrun-62e8894a-4e8a-4238-a563-9951bb34e0bb] INFO  o.eclipse.m2e.core.internal.Bundles - 	Entry: /Users/anujgahra/.p2/pool/plugins/org.eclipse.m2e.maven.runtime_3.9.1100.20250811-2018/jars/maven-resolver-named-locks-1.9.24.jar
2026-01-26 15:37:48,773 [Worker-6: Launching mavenrun-62e8894a-4e8a-4238-a563-9951bb34e0bb] INFO  o.eclipse.m2e.core.internal.Bundles - 	Entry: /Users/anujgahra/.p2/pool/plugins/org.eclipse.m2e.maven.runtime_3.9.1100.20250811-2018/jars/maven-resolver-provider-3.9.11.jar
2026-01-26 15:37:48,773 [Worker-6: Launching mavenrun-62e8894a-4e8a-4238-a563-9951bb34e0bb] INFO  o.eclipse.m2e.core.internal.Bundles - 	Entry: /Users/anujgahra/.p2/pool/plugins/org.eclipse.m2e.maven.runtime_3.9.1100.20250811-2018/jars/maven-resolver-spi-1.9.24.jar
2026-01-26 15:37:48,773 [Worker-6: Launching mavenrun-62e8894a-4e8a-4238-a563-9951bb34e0bb] INFO  o.eclipse.m2e.core.internal.Bundles - 	Entry: /Users/anujgahra/.p2/pool/plugins/org.eclipse.m2e.maven.runtime_3.9.1100.20250811-2018/jars/maven-resolver-transport-file-1.9.24.jar
2026-01-26 15:37:48,773 [Worker-6: Launching mavenrun-62e8894a-4e8a-4238-a563-9951bb34e0bb] INFO  o.eclipse.m2e.core.internal.Bundles - 	Entry: /Users/anujgahra/.p2/pool/plugins/org.eclipse.m2e.maven.runtime_3.9.1100.20250811-2018/jars/maven-resolver-transport-http-1.9.24.jar
2026-01-26 15:37:48,773 [Worker-6: Launching mavenrun-62e8894a-4e8a-4238-a563-9951bb34e0bb] INFO  o.eclipse.m2e.core.internal.Bundles - 	Entry: /Users/anujgahra/.p2/pool/plugins/org.eclipse.m2e.maven.runtime_3.9.1100.20250811-2018/jars/maven-resolver-transport-wagon-1.9.24.jar
2026-01-26 15:37:48,773 [Worker-6: Launching mavenrun-62e8894a-4e8a-4238-a563-9951bb34e0bb] INFO  o.eclipse.m2e.core.internal.Bundles - 	Entry: /Users/anujgahra/.p2/pool/plugins/org.eclipse.m2e.maven.runtime_3.9.1100.20250811-2018/jars/maven-resolver-util-1.9.24.jar
2026-01-26 15:37:48,773 [Worker-6: Launching mavenrun-62e8894a-4e8a-4238-a563-9951bb34e0bb] INFO  o.eclipse.m2e.core.internal.Bundles - 	Entry: /Users/anujgahra/.p2/pool/plugins/org.eclipse.m2e.maven.runtime_3.9.1100.20250811-2018/jars/maven-settings-3.9.11.jar
2026-01-26 15:37:48,773 [Worker-6: Launching mavenrun-62e8894a-4e8a-4238-a563-9951bb34e0bb] INFO  o.eclipse.m2e.core.internal.Bundles - 	Entry: /Users/anujgahra/.p2/pool/plugins/org.eclipse.m2e.maven.runtime_3.9.1100.20250811-2018/jars/maven-settings-builder-3.9.11.jar
2026-01-26 15:37:48,773 [Worker-6: Launching mavenrun-62e8894a-4e8a-4238-a563-9951bb34e0bb] INFO  o.eclipse.m2e.core.internal.Bundles - 	Entry: /Users/anujgahra/.p2/pool/plugins/org.eclipse.m2e.maven.runtime_3.9.1100.20250811-2018/jars/maven-shared-utils-3.4.2.jar
2026-01-26 15:37:48,773 [Worker-6: Launching mavenrun-62e8894a-4e8a-4238-a563-9951bb34e0bb] INFO  o.eclipse.m2e.core.internal.Bundles - 	Entry: /Users/anujgahra/.p2/pool/plugins/org.eclipse.m2e.maven.runtime_3.9.1100.20250811-2018/jars/org.eclipse.sisu.inject-0.9.0.M4.jar
2026-01-26 15:37:48,773 [Worker-6: Launching mavenrun-62e8894a-4e8a-4238-a563-9951bb34e0bb] INFO  o.eclipse.m2e.core.internal.Bundles - 	Entry: /Users/anujgahra/.p2/pool/plugins/org.eclipse.m2e.maven.runtime_3.9.1100.20250811-2018/jars/org.eclipse.sisu.plexus-0.9.0.M4.jar
2026-01-26 15:37:48,773 [Worker-6: Launching mavenrun-62e8894a-4e8a-4238-a563-9951bb34e0bb] INFO  o.eclipse.m2e.core.internal.Bundles - 	Entry: /Users/anujgahra/.p2/pool/plugins/org.eclipse.m2e.maven.runtime_3.9.1100.20250811-2018/jars/plexus-build-api-0.0.7.jar
2026-01-26 15:37:48,773 [Worker-6: Launching mavenrun-62e8894a-4e8a-4238-a563-9951bb34e0bb] INFO  o.eclipse.m2e.core.internal.Bundles - 	Entry: /Users/anujgahra/.p2/pool/plugins/org.eclipse.m2e.maven.runtime_3.9.1100.20250811-2018/jars/plexus-build-api-1.2.0.jar
2026-01-26 15:37:48,773 [Worker-6: Launching mavenrun-62e8894a-4e8a-4238-a563-9951bb34e0bb] INFO  o.eclipse.m2e.core.internal.Bundles - 	Entry: /Users/anujgahra/.p2/pool/plugins/org.eclipse.m2e.maven.runtime_3.9.1100.20250811-2018/jars/plexus-cipher-2.0.jar
2026-01-26 15:37:48,773 [Worker-6: Launching mavenrun-62e8894a-4e8a-4238-a563-9951bb34e0bb] INFO  o.eclipse.m2e.core.internal.Bundles - 	Entry: /Users/anujgahra/.p2/pool/plugins/org.eclipse.m2e.maven.runtime_3.9.1100.20250811-2018/jars/plexus-classworlds-2.9.0.jar
2026-01-26 15:37:48,773 [Worker-6: Launching mavenrun-62e8894a-4e8a-4238-a563-9951bb34e0bb] INFO  o.eclipse.m2e.core.internal.Bundles - 	Entry: /Users/anujgahra/.p2/pool/plugins/org.eclipse.m2e.maven.runtime_3.9.1100.20250811-2018/jars/plexus-component-annotations-2.2.0.jar
2026-01-26 15:37:48,773 [Worker-6: Launching mavenrun-62e8894a-4e8a-4238-a563-9951bb34e0bb] INFO  o.eclipse.m2e.core.internal.Bundles - 	Entry: /Users/anujgahra/.p2/pool/plugins/org.eclipse.m2e.maven.runtime_3.9.1100.20250811-2018/jars/plexus-interpolation-1.28.jar
2026-01-26 15:37:48,773 [Worker-6: Launching mavenrun-62e8894a-4e8a-4238-a563-9951bb34e0bb] INFO  o.eclipse.m2e.core.internal.Bundles - 	Entry: /Users/anujgahra/.p2/pool/plugins/org.eclipse.m2e.maven.runtime_3.9.1100.20250811-2018/jars/plexus-sec-dispatcher-2.0.jar
2026-01-26 15:37:48,773 [Worker-6: Launching mavenrun-62e8894a-4e8a-4238-a563-9951bb34e0bb] INFO  o.eclipse.m2e.core.internal.Bundles - 	Entry: /Users/anujgahra/.p2/pool/plugins/org.eclipse.m2e.maven.runtime_3.9.1100.20250811-2018/jars/plexus-utils-3.6.0.jar
2026-01-26 15:37:48,773 [Worker-6: Launching mavenrun-62e8894a-4e8a-4238-a563-9951bb34e0bb] INFO  o.eclipse.m2e.core.internal.Bundles - 	Entry: /Users/anujgahra/.p2/pool/plugins/org.eclipse.m2e.maven.runtime_3.9.1100.20250811-2018/jars/wagon-file-3.5.3.jar
2026-01-26 15:37:48,773 [Worker-6: Launching mavenrun-62e8894a-4e8a-4238-a563-9951bb34e0bb] INFO  o.eclipse.m2e.core.internal.Bundles - 	Entry: /Users/anujgahra/.p2/pool/plugins/org.eclipse.m2e.maven.runtime_3.9.1100.20250811-2018/jars/wagon-http-3.5.3.jar
2026-01-26 15:37:48,773 [Worker-6: Launching mavenrun-62e8894a-4e8a-4238-a563-9951bb34e0bb] INFO  o.eclipse.m2e.core.internal.Bundles - 	Entry: /Users/anujgahra/.p2/pool/plugins/org.eclipse.m2e.maven.runtime_3.9.1100.20250811-2018/jars/wagon-http-shared-3.5.3.jar
2026-01-26 15:37:48,773 [Worker-6: Launching mavenrun-62e8894a-4e8a-4238-a563-9951bb34e0bb] INFO  o.eclipse.m2e.core.internal.Bundles - 	Entry: /Users/anujgahra/.p2/pool/plugins/org.eclipse.m2e.maven.runtime_3.9.1100.20250811-2018/jars/wagon-provider-api-3.5.3.jar
2026-01-26 15:37:48,775 [Worker-6: Launching mavenrun-62e8894a-4e8a-4238-a563-9951bb34e0bb] INFO  o.eclipse.m2e.core.internal.Bundles - getClasspathEntries(Bundle=com.google.guava_33.4.8.jre [1023])
2026-01-26 15:37:48,775 [Worker-6: Launching mavenrun-62e8894a-4e8a-4238-a563-9951bb34e0bb] INFO  o.eclipse.m2e.core.internal.Bundles - 	Entry: /Users/anujgahra/.p2/pool/plugins/com.google.guava_33.4.8.jre.jar
2026-01-26 15:37:48,775 [Worker-6: Launching mavenrun-62e8894a-4e8a-4238-a563-9951bb34e0bb] INFO  o.eclipse.m2e.core.internal.Bundles - getClasspathEntries(Bundle=slf4j.api_2.0.17 [2009])
2026-01-26 15:37:48,775 [Worker-6: Launching mavenrun-62e8894a-4e8a-4238-a563-9951bb34e0bb] INFO  o.eclipse.m2e.core.internal.Bundles - 	Entry: /Users/anujgahra/.p2/pool/plugins/slf4j.api_2.0.17.jar
2026-01-26 15:37:48,775 [Worker-6: Launching mavenrun-62e8894a-4e8a-4238-a563-9951bb34e0bb] INFO  o.eclipse.m2e.core.internal.Bundles - getClasspathEntries(Bundle=jakarta.inject.jakarta.inject-api_1.0.5 [1040])
2026-01-26 15:37:48,775 [Worker-6: Launching mavenrun-62e8894a-4e8a-4238-a563-9951bb34e0bb] INFO  o.eclipse.m2e.core.internal.Bundles - 	Entry: /Users/anujgahra/.p2/pool/plugins/jakarta.inject.jakarta.inject-api_1.0.5.jar
2026-01-26 15:37:48,775 [Worker-6: Launching mavenrun-62e8894a-4e8a-4238-a563-9951bb34e0bb] INFO  o.eclipse.m2e.core.internal.Bundles - getClasspathEntries(Bundle=jakarta.annotation-api_1.3.5 [1036])
2026-01-26 15:37:48,775 [Worker-6: Launching mavenrun-62e8894a-4e8a-4238-a563-9951bb34e0bb] INFO  o.eclipse.m2e.core.internal.Bundles - 	Entry: /Users/anujgahra/.p2/pool/plugins/jakarta.annotation-api_1.3.5.jar
2026-01-26 15:37:48,775 [Worker-6: Launching mavenrun-62e8894a-4e8a-4238-a563-9951bb34e0bb] INFO  o.eclipse.m2e.core.internal.Bundles - getClasspathEntries(Bundle=org.apache.commons.cli_1.10.0 [1080])
2026-01-26 15:37:48,775 [Worker-6: Launching mavenrun-62e8894a-4e8a-4238-a563-9951bb34e0bb] INFO  o.eclipse.m2e.core.internal.Bundles - 	Entry: /Users/anujgahra/.p2/pool/plugins/org.apache.commons.cli_1.10.0.jar
2026-01-26 15:37:48,775 [Worker-6: Launching mavenrun-62e8894a-4e8a-4238-a563-9951bb34e0bb] INFO  o.eclipse.m2e.core.internal.Bundles - getClasspathEntries(Bundle=org.apache.commons.commons-codec_1.19.0 [1082])
2026-01-26 15:37:48,775 [Worker-6: Launching mavenrun-62e8894a-4e8a-4238-a563-9951bb34e0bb] INFO  o.eclipse.m2e.core.internal.Bundles - 	Entry: /Users/anujgahra/.p2/pool/plugins/org.apache.commons.commons-codec_1.19.0.jar
2026-01-26 15:37:48,775 [Worker-6: Launching mavenrun-62e8894a-4e8a-4238-a563-9951bb34e0bb] INFO  o.eclipse.m2e.core.internal.Bundles - getClasspathEntries(Bundle=com.google.guava.failureaccess_1.0.3 [1024])
2026-01-26 15:37:48,775 [Worker-6: Launching mavenrun-62e8894a-4e8a-4238-a563-9951bb34e0bb] INFO  o.eclipse.m2e.core.internal.Bundles - 	Entry: /Users/anujgahra/.p2/pool/plugins/com.google.guava.failureaccess_1.0.3.jar
2026-01-26 15:37:48,778 [Worker-6: Launching mavenrun-62e8894a-4e8a-4238-a563-9951bb34e0bb] INFO  o.e.m.i.launch.MavenLaunchDelegate - Run build in "/var/folders/8w/jqlp8qk916ddtw2z9w59zp7r0000gn/T/m2e-archetypeGenerator11825826123981045915":
2026-01-26 15:37:48,780 [Worker-6: Launching mavenrun-62e8894a-4e8a-4238-a563-9951bb34e0bb] INFO  o.e.m.i.launch.MavenLaunchDelegate -  mvn  -DarchetypeGroupId=org.apache.maven.archetypes -DarchetypeArtifactId=maven-archetype-quickstart -DarchetypeVersion=1.1 -DgroupId=com.tut -DartifactId=ProjectWithMaven -Dversion=0.0.1-SNAPSHOT -Dpackage=com.tut -DoutputDirectory=/Users/anujgahra/Developer/PG-DAC/TargetTechnology/Java_Based/Hibernate -Dstyle.color=always -U archetype:generate
2026-01-26 16:58:17,616 [Worker-2: Loading available Gradle versions] INFO  o.e.b.c.i.u.g.PublishedGradleVersions - Gradle version information cache is up-to-date. Trying to read.
2026-01-27 09:50:05,074 [Worker-6: Loading available Gradle versions] INFO  o.e.b.c.i.u.g.PublishedGradleVersions - Gradle version information cache is up-to-date. Trying to read.
